0 info it worked if it ends with ok
1 verbose cli [ 'C:\\Program Files\\nodejs\\node.exe',
1 verbose cli   'C:\\Program Files\\nodejs\\node_modules\\npm\\bin\\npm-cli.js',
1 verbose cli   'install',
1 verbose cli   'sleep',
1 verbose cli   '--save' ]
2 info using npm@3.10.10
3 info using node@v6.11.3
4 silly loadCurrentTree Starting
5 silly install loadCurrentTree
6 silly install readLocalPackageData
7 silly fetchPackageMetaData sleep
8 silly fetchNamedPackageData sleep
9 silly mapToRegistry name sleep
10 silly mapToRegistry using default registry
11 silly mapToRegistry registry https://registry.npmjs.org/
12 silly mapToRegistry data Result {
12 silly mapToRegistry   raw: 'sleep',
12 silly mapToRegistry   scope: null,
12 silly mapToRegistry   escapedName: 'sleep',
12 silly mapToRegistry   name: 'sleep',
12 silly mapToRegistry   rawSpec: '',
12 silly mapToRegistry   spec: 'latest',
12 silly mapToRegistry   type: 'tag' }
13 silly mapToRegistry uri https://registry.npmjs.org/sleep
14 verbose request uri https://registry.npmjs.org/sleep
15 verbose request no auth needed
16 info attempt registry request try #1 at 11:38:42 AM
17 verbose request id f6b56fa116915aca
18 http request GET https://registry.npmjs.org/sleep
19 http 200 https://registry.npmjs.org/sleep
20 verbose headers { 'content-type': 'application/json',
20 verbose headers   server: 'nginx/1.10.1',
20 verbose headers   'last-modified': 'Mon, 18 Sep 2017 07:43:13 GMT',
20 verbose headers   etag: 'W/"59bf7911-5716"',
20 verbose headers   'content-encoding': 'gzip',
20 verbose headers   'cache-control': 'max-age=300',
20 verbose headers   'content-length': '3076',
20 verbose headers   'accept-ranges': 'bytes',
20 verbose headers   date: 'Fri, 22 Sep 2017 06:08:43 GMT',
20 verbose headers   via: '1.1 varnish',
20 verbose headers   age: '0',
20 verbose headers   connection: 'keep-alive',
20 verbose headers   'x-served-by': 'cache-sin18020-SIN',
20 verbose headers   'x-cache': 'MISS',
20 verbose headers   'x-cache-hits': '0',
20 verbose headers   'x-timer': 'S1506060523.212393,VS0,VE263',
20 verbose headers   vary: 'Accept-Encoding, Accept' }
21 silly get cb [ 200,
21 silly get   { 'content-type': 'application/json',
21 silly get     server: 'nginx/1.10.1',
21 silly get     'last-modified': 'Mon, 18 Sep 2017 07:43:13 GMT',
21 silly get     etag: 'W/"59bf7911-5716"',
21 silly get     'content-encoding': 'gzip',
21 silly get     'cache-control': 'max-age=300',
21 silly get     'content-length': '3076',
21 silly get     'accept-ranges': 'bytes',
21 silly get     date: 'Fri, 22 Sep 2017 06:08:43 GMT',
21 silly get     via: '1.1 varnish',
21 silly get     age: '0',
21 silly get     connection: 'keep-alive',
21 silly get     'x-served-by': 'cache-sin18020-SIN',
21 silly get     'x-cache': 'MISS',
21 silly get     'x-cache-hits': '0',
21 silly get     'x-timer': 'S1506060523.212393,VS0,VE263',
21 silly get     vary: 'Accept-Encoding, Accept' } ]
22 verbose get saving sleep to C:\Users\prate\AppData\Roaming\npm-cache\registry.npmjs.org\sleep\.cache.json
23 verbose correctMkdir C:\Users\prate\AppData\Roaming\npm-cache correctMkdir not in flight; initializing
24 silly install normalizeTree
25 silly loadCurrentTree Finishing
26 silly loadIdealTree Starting
27 silly install loadIdealTree
28 silly cloneCurrentTree Starting
29 silly install cloneCurrentTreeToIdealTree
30 silly cloneCurrentTree Finishing
31 silly loadShrinkwrap Starting
32 silly install loadShrinkwrap
33 silly loadShrinkwrap Finishing
34 silly loadAllDepsIntoIdealTree Starting
35 silly install loadAllDepsIntoIdealTree
36 silly resolveWithNewModule sleep@5.1.1 checking installable status
37 silly cache add args [ 'sleep', null ]
38 verbose cache add spec sleep
39 silly cache add parsed spec Result {
39 silly cache add   raw: 'sleep',
39 silly cache add   scope: null,
39 silly cache add   escapedName: 'sleep',
39 silly cache add   name: 'sleep',
39 silly cache add   rawSpec: '',
39 silly cache add   spec: 'latest',
39 silly cache add   type: 'tag' }
40 silly addNamed sleep@latest
41 verbose addNamed "latest" is being treated as a dist-tag for sleep
42 info addNameTag [ 'sleep', 'latest' ]
43 silly mapToRegistry name sleep
44 silly mapToRegistry using default registry
45 silly mapToRegistry registry https://registry.npmjs.org/
46 silly mapToRegistry data Result {
46 silly mapToRegistry   raw: 'sleep',
46 silly mapToRegistry   scope: null,
46 silly mapToRegistry   escapedName: 'sleep',
46 silly mapToRegistry   name: 'sleep',
46 silly mapToRegistry   rawSpec: '',
46 silly mapToRegistry   spec: 'latest',
46 silly mapToRegistry   type: 'tag' }
47 silly mapToRegistry uri https://registry.npmjs.org/sleep
48 verbose addNameTag registry:https://registry.npmjs.org/sleep not in flight; fetching
49 verbose get https://registry.npmjs.org/sleep not expired, no request
50 silly addNameTag next cb for sleep with tag latest
51 silly addNamed sleep@5.1.1
52 verbose addNamed "5.1.1" is a plain semver version for sleep
53 silly mapToRegistry name sleep
54 silly mapToRegistry using default registry
55 silly mapToRegistry registry https://registry.npmjs.org/
56 silly mapToRegistry data Result {
56 silly mapToRegistry   raw: 'sleep',
56 silly mapToRegistry   scope: null,
56 silly mapToRegistry   escapedName: 'sleep',
56 silly mapToRegistry   name: 'sleep',
56 silly mapToRegistry   rawSpec: '',
56 silly mapToRegistry   spec: 'latest',
56 silly mapToRegistry   type: 'tag' }
57 silly mapToRegistry uri https://registry.npmjs.org/sleep
58 verbose addRemoteTarball https://registry.npmjs.org/sleep/-/sleep-5.1.1.tgz not in flight; adding
59 verbose addRemoteTarball [ 'https://registry.npmjs.org/sleep/-/sleep-5.1.1.tgz',
59 verbose addRemoteTarball   '878fa1d44d08eeb0f26fb2018ef8629eb1a3ab94' ]
60 info retry fetch attempt 1 at 11:38:42 AM
61 info attempt registry request try #1 at 11:38:42 AM
62 http fetch GET https://registry.npmjs.org/sleep/-/sleep-5.1.1.tgz
63 http fetch 200 https://registry.npmjs.org/sleep/-/sleep-5.1.1.tgz
64 silly fetchAndShaCheck shasum 878fa1d44d08eeb0f26fb2018ef8629eb1a3ab94
65 verbose addTmpTarball C:\Users\prate\AppData\Local\Temp\npm-10216-d9222d05\registry.npmjs.org\sleep\-\sleep-5.1.1.tgz not in flight; adding
66 verbose addTmpTarball already have metadata; skipping unpack for sleep@5.1.1
67 verbose correctMkdir C:\Users\prate\AppData\Roaming\npm-cache correctMkdir not in flight; initializing
68 silly cache afterAdd sleep@5.1.1
69 verbose afterAdd C:\Users\prate\AppData\Roaming\npm-cache\sleep\5.1.1\package\package.json not in flight; writing
70 verbose correctMkdir C:\Users\prate\AppData\Roaming\npm-cache correctMkdir not in flight; initializing
71 verbose afterAdd C:\Users\prate\AppData\Roaming\npm-cache\sleep\5.1.1\package\package.json written
72 silly fetchNamedPackageData nan
73 silly mapToRegistry name nan
74 silly mapToRegistry using default registry
75 silly mapToRegistry registry https://registry.npmjs.org/
76 silly mapToRegistry data Result {
76 silly mapToRegistry   raw: 'nan',
76 silly mapToRegistry   scope: null,
76 silly mapToRegistry   escapedName: 'nan',
76 silly mapToRegistry   name: 'nan',
76 silly mapToRegistry   rawSpec: '',
76 silly mapToRegistry   spec: 'latest',
76 silly mapToRegistry   type: 'tag' }
77 silly mapToRegistry uri https://registry.npmjs.org/nan
78 verbose request uri https://registry.npmjs.org/nan
79 verbose request no auth needed
80 info attempt registry request try #1 at 11:38:43 AM
81 http request GET https://registry.npmjs.org/nan
82 http 200 https://registry.npmjs.org/nan
83 verbose headers { server: 'nginx/1.10.3',
83 verbose headers   'content-type': 'application/json',
83 verbose headers   'last-modified': 'Thu, 21 Sep 2017 03:44:20 GMT',
83 verbose headers   etag: 'W/"59c33594-20237"',
83 verbose headers   'content-encoding': 'gzip',
83 verbose headers   'cache-control': 'max-age=300',
83 verbose headers   'content-length': '15438',
83 verbose headers   'accept-ranges': 'bytes',
83 verbose headers   date: 'Fri, 22 Sep 2017 06:08:44 GMT',
83 verbose headers   via: '1.1 varnish',
83 verbose headers   age: '250',
83 verbose headers   connection: 'keep-alive',
83 verbose headers   'x-served-by': 'cache-sin18020-SIN',
83 verbose headers   'x-cache': 'HIT',
83 verbose headers   'x-cache-hits': '9',
83 verbose headers   'x-timer': 'S1506060524.019165,VS0,VE0',
83 verbose headers   vary: 'Accept-Encoding, Accept' }
84 silly get cb [ 200,
84 silly get   { server: 'nginx/1.10.3',
84 silly get     'content-type': 'application/json',
84 silly get     'last-modified': 'Thu, 21 Sep 2017 03:44:20 GMT',
84 silly get     etag: 'W/"59c33594-20237"',
84 silly get     'content-encoding': 'gzip',
84 silly get     'cache-control': 'max-age=300',
84 silly get     'content-length': '15438',
84 silly get     'accept-ranges': 'bytes',
84 silly get     date: 'Fri, 22 Sep 2017 06:08:44 GMT',
84 silly get     via: '1.1 varnish',
84 silly get     age: '250',
84 silly get     connection: 'keep-alive',
84 silly get     'x-served-by': 'cache-sin18020-SIN',
84 silly get     'x-cache': 'HIT',
84 silly get     'x-cache-hits': '9',
84 silly get     'x-timer': 'S1506060524.019165,VS0,VE0',
84 silly get     vary: 'Accept-Encoding, Accept' } ]
85 verbose get saving nan to C:\Users\prate\AppData\Roaming\npm-cache\registry.npmjs.org\nan\.cache.json
86 verbose correctMkdir C:\Users\prate\AppData\Roaming\npm-cache correctMkdir not in flight; initializing
87 silly resolveWithNewModule nan@2.7.0 checking installable status
88 silly cache add args [ 'nan@>=2.5.1', null ]
89 verbose cache add spec nan@>=2.5.1
90 silly cache add parsed spec Result {
90 silly cache add   raw: 'nan@>=2.5.1',
90 silly cache add   scope: null,
90 silly cache add   escapedName: 'nan',
90 silly cache add   name: 'nan',
90 silly cache add   rawSpec: '>=2.5.1',
90 silly cache add   spec: '>=2.5.1',
90 silly cache add   type: 'range' }
91 silly addNamed nan@>=2.5.1
92 verbose addNamed ">=2.5.1" is a valid semver range for nan
93 silly addNameRange { name: 'nan', range: '>=2.5.1', hasData: false }
94 silly mapToRegistry name nan
95 silly mapToRegistry using default registry
96 silly mapToRegistry registry https://registry.npmjs.org/
97 silly mapToRegistry data Result {
97 silly mapToRegistry   raw: 'nan',
97 silly mapToRegistry   scope: null,
97 silly mapToRegistry   escapedName: 'nan',
97 silly mapToRegistry   name: 'nan',
97 silly mapToRegistry   rawSpec: '',
97 silly mapToRegistry   spec: 'latest',
97 silly mapToRegistry   type: 'tag' }
98 silly mapToRegistry uri https://registry.npmjs.org/nan
99 verbose addNameRange registry:https://registry.npmjs.org/nan not in flight; fetching
100 verbose get https://registry.npmjs.org/nan not expired, no request
101 silly addNameRange number 2 { name: 'nan', range: '>=2.5.1', hasData: true }
102 silly addNameRange versions [ 'nan',
102 silly addNameRange   [ '0.3.0-wip',
102 silly addNameRange     '0.3.0-wip2',
102 silly addNameRange     '0.3.0',
102 silly addNameRange     '0.3.1',
102 silly addNameRange     '0.3.2',
102 silly addNameRange     '0.4.0',
102 silly addNameRange     '0.4.1',
102 silly addNameRange     '0.4.2',
102 silly addNameRange     '0.4.3',
102 silly addNameRange     '0.4.4',
102 silly addNameRange     '0.5.0',
102 silly addNameRange     '0.5.1',
102 silly addNameRange     '0.5.2',
102 silly addNameRange     '0.6.0',
102 silly addNameRange     '0.7.0',
102 silly addNameRange     '0.7.1',
102 silly addNameRange     '0.8.0',
102 silly addNameRange     '1.0.0',
102 silly addNameRange     '1.1.0',
102 silly addNameRange     '1.1.1',
102 silly addNameRange     '1.1.2',
102 silly addNameRange     '1.2.0',
102 silly addNameRange     '1.3.0',
102 silly addNameRange     '1.4.0',
102 silly addNameRange     '1.4.1',
102 silly addNameRange     '1.5.0',
102 silly addNameRange     '1.4.2',
102 silly addNameRange     '1.4.3',
102 silly addNameRange     '1.5.1',
102 silly addNameRange     '1.5.2',
102 silly addNameRange     '1.6.0',
102 silly addNameRange     '1.5.3',
102 silly addNameRange     '1.6.1',
102 silly addNameRange     '1.6.2',
102 silly addNameRange     '1.7.0',
102 silly addNameRange     '1.8.0',
102 silly addNameRange     '1.8.1',
102 silly addNameRange     '1.8.2',
102 silly addNameRange     '1.8.3',
102 silly addNameRange     '1.8.4',
102 silly addNameRange     '1.9.0',
102 silly addNameRange     '2.0.0',
102 silly addNameRange     '2.0.1',
102 silly addNameRange     '2.0.2',
102 silly addNameRange     '2.0.3',
102 silly addNameRange     '2.0.4',
102 silly addNameRange     '2.0.5',
102 silly addNameRange     '2.0.6',
102 silly addNameRange     '2.0.7',
102 silly addNameRange     '2.0.8',
102 silly addNameRange     '2.0.9',
102 silly addNameRange     '2.1.0',
102 silly addNameRange     '2.2.0',
102 silly addNameRange     '2.2.1',
102 silly addNameRange     '2.3.0',
102 silly addNameRange     '2.3.1',
102 silly addNameRange     '2.3.2',
102 silly addNameRange     '2.3.3',
102 silly addNameRange     '2.3.4',
102 silly addNameRange     '2.3.5',
102 silly addNameRange     '2.4.0',
102 silly addNameRange     '2.5.0',
102 silly addNameRange     '2.5.1',
102 silly addNameRange     '2.6.0',
102 silly addNameRange     '2.6.1',
102 silly addNameRange     '2.6.2',
102 silly addNameRange     '2.7.0' ] ]
103 silly addNamed nan@2.7.0
104 verbose addNamed "2.7.0" is a plain semver version for nan
105 silly mapToRegistry name nan
106 silly mapToRegistry using default registry
107 silly mapToRegistry registry https://registry.npmjs.org/
108 silly mapToRegistry data Result {
108 silly mapToRegistry   raw: 'nan',
108 silly mapToRegistry   scope: null,
108 silly mapToRegistry   escapedName: 'nan',
108 silly mapToRegistry   name: 'nan',
108 silly mapToRegistry   rawSpec: '',
108 silly mapToRegistry   spec: 'latest',
108 silly mapToRegistry   type: 'tag' }
109 silly mapToRegistry uri https://registry.npmjs.org/nan
110 verbose addRemoteTarball https://registry.npmjs.org/nan/-/nan-2.7.0.tgz not in flight; adding
111 verbose addRemoteTarball [ 'https://registry.npmjs.org/nan/-/nan-2.7.0.tgz',
111 verbose addRemoteTarball   'd95bf721ec877e08db276ed3fc6eb78f9083ad46' ]
112 info retry fetch attempt 1 at 11:38:43 AM
113 info attempt registry request try #1 at 11:38:43 AM
114 http fetch GET https://registry.npmjs.org/nan/-/nan-2.7.0.tgz
115 http fetch 200 https://registry.npmjs.org/nan/-/nan-2.7.0.tgz
116 silly fetchAndShaCheck shasum d95bf721ec877e08db276ed3fc6eb78f9083ad46
117 verbose addTmpTarball C:\Users\prate\AppData\Local\Temp\npm-10216-d9222d05\registry.npmjs.org\nan\-\nan-2.7.0.tgz not in flight; adding
118 verbose addTmpTarball already have metadata; skipping unpack for nan@2.7.0
119 verbose correctMkdir C:\Users\prate\AppData\Roaming\npm-cache correctMkdir not in flight; initializing
120 silly cache afterAdd nan@2.7.0
121 verbose afterAdd C:\Users\prate\AppData\Roaming\npm-cache\nan\2.7.0\package\package.json not in flight; writing
122 verbose correctMkdir C:\Users\prate\AppData\Roaming\npm-cache correctMkdir not in flight; initializing
123 verbose afterAdd C:\Users\prate\AppData\Roaming\npm-cache\nan\2.7.0\package\package.json written
124 silly loadAllDepsIntoIdealTree Finishing
125 silly loadIdealTree Finishing
126 silly currentTree energy-js@1.0.0
126 silly currentTree +-- async-limiter@1.0.0
126 silly currentTree +-- balanced-match@1.0.0
126 silly currentTree +-- bl@1.2.1
126 silly currentTree +-- brace-expansion@1.1.8
126 silly currentTree +-- callback-stream@1.1.0
126 silly currentTree +-- commist@1.0.0
126 silly currentTree +-- concat-map@0.0.1
126 silly currentTree +-- concat-stream@1.6.0
126 silly currentTree +-- core-util-is@1.0.2
126 silly currentTree +-- duplexify@3.5.1
126 silly currentTree +-- end-of-stream@1.4.0
126 silly currentTree +-- extend-shallow@2.0.1
126 silly currentTree +-- extend@3.0.1
126 silly currentTree +-- fs.realpath@1.0.0
126 silly currentTree +-- glob-parent@3.1.0
126 silly currentTree +-- glob-stream@6.1.0
126 silly currentTree +-- glob@7.1.2
126 silly currentTree +-- help-me@1.1.0
126 silly currentTree +-- inflight@1.0.6
126 silly currentTree +-- inherits@2.0.3
126 silly currentTree +-- is-absolute@0.2.6
126 silly currentTree +-- is-extendable@0.1.1
126 silly currentTree +-- is-extglob@2.1.1
126 silly currentTree +-- is-glob@3.1.0
126 silly currentTree +-- is-negated-glob@1.0.0
126 silly currentTree +-- is-relative@0.2.1
126 silly currentTree +-- is-unc-path@0.1.2
126 silly currentTree +-- is-windows@0.2.0
126 silly currentTree +-- isarray@1.0.0
126 silly currentTree +-- json-stable-stringify@1.0.1
126 silly currentTree +-- jsonify@0.0.0
126 silly currentTree +-- leven@1.0.2
126 silly currentTree +-- minimatch@3.0.4
126 silly currentTree +-- minimist@1.2.0
126 silly currentTree +-- mqtt-packet@5.4.0
126 silly currentTree +-- mqtt@2.13.0
126 silly currentTree +-- once@1.4.0
126 silly currentTree +-- ordered-read-streams@1.0.1
126 silly currentTree +-- path-dirname@1.0.2
126 silly currentTree +-- path-is-absolute@1.0.1
126 silly currentTree +-- process-nextick-args@1.0.7
126 silly currentTree +-- pump@1.0.2
126 silly currentTree +-- pumpify@1.3.5
126 silly currentTree +-- readable-stream@2.3.3
126 silly currentTree +-- reinterval@1.1.0
126 silly currentTree +-- remove-trailing-separator@1.1.0
126 silly currentTree +-- safe-buffer@5.1.1
126 silly currentTree +-- split2@2.1.1
126 silly currentTree +-- stream-shift@1.0.0
126 silly currentTree +-- string_decoder@1.0.3
126 silly currentTree +-- through2-filter@2.0.0
126 silly currentTree +-- through2@2.0.3
126 silly currentTree +-- to-absolute-glob@2.0.1
126 silly currentTree +-- typedarray@0.0.6
126 silly currentTree +-- ultron@1.1.0
126 silly currentTree +-- unc-path-regex@0.1.2
126 silly currentTree +-- unique-stream@2.2.1
126 silly currentTree +-- util-deprecate@1.0.2
126 silly currentTree +-- websocket-stream@5.0.1
126 silly currentTree +-- wrappy@1.0.2
126 silly currentTree +-- ws@3.2.0
126 silly currentTree `-- xtend@4.0.1
127 silly idealTree energy-js@1.0.0
127 silly idealTree +-- async-limiter@1.0.0
127 silly idealTree +-- balanced-match@1.0.0
127 silly idealTree +-- bl@1.2.1
127 silly idealTree +-- brace-expansion@1.1.8
127 silly idealTree +-- callback-stream@1.1.0
127 silly idealTree +-- commist@1.0.0
127 silly idealTree +-- concat-map@0.0.1
127 silly idealTree +-- concat-stream@1.6.0
127 silly idealTree +-- core-util-is@1.0.2
127 silly idealTree +-- duplexify@3.5.1
127 silly idealTree +-- end-of-stream@1.4.0
127 silly idealTree +-- extend-shallow@2.0.1
127 silly idealTree +-- extend@3.0.1
127 silly idealTree +-- fs.realpath@1.0.0
127 silly idealTree +-- glob-parent@3.1.0
127 silly idealTree +-- glob-stream@6.1.0
127 silly idealTree +-- glob@7.1.2
127 silly idealTree +-- help-me@1.1.0
127 silly idealTree +-- inflight@1.0.6
127 silly idealTree +-- inherits@2.0.3
127 silly idealTree +-- is-absolute@0.2.6
127 silly idealTree +-- is-extendable@0.1.1
127 silly idealTree +-- is-extglob@2.1.1
127 silly idealTree +-- is-glob@3.1.0
127 silly idealTree +-- is-negated-glob@1.0.0
127 silly idealTree +-- is-relative@0.2.1
127 silly idealTree +-- is-unc-path@0.1.2
127 silly idealTree +-- is-windows@0.2.0
127 silly idealTree +-- isarray@1.0.0
127 silly idealTree +-- json-stable-stringify@1.0.1
127 silly idealTree +-- jsonify@0.0.0
127 silly idealTree +-- leven@1.0.2
127 silly idealTree +-- minimatch@3.0.4
127 silly idealTree +-- minimist@1.2.0
127 silly idealTree +-- mqtt-packet@5.4.0
127 silly idealTree +-- mqtt@2.13.0
127 silly idealTree +-- nan@2.7.0
127 silly idealTree +-- once@1.4.0
127 silly idealTree +-- ordered-read-streams@1.0.1
127 silly idealTree +-- path-dirname@1.0.2
127 silly idealTree +-- path-is-absolute@1.0.1
127 silly idealTree +-- process-nextick-args@1.0.7
127 silly idealTree +-- pump@1.0.2
127 silly idealTree +-- pumpify@1.3.5
127 silly idealTree +-- readable-stream@2.3.3
127 silly idealTree +-- reinterval@1.1.0
127 silly idealTree +-- remove-trailing-separator@1.1.0
127 silly idealTree +-- safe-buffer@5.1.1
127 silly idealTree +-- sleep@5.1.1
127 silly idealTree +-- split2@2.1.1
127 silly idealTree +-- stream-shift@1.0.0
127 silly idealTree +-- string_decoder@1.0.3
127 silly idealTree +-- through2-filter@2.0.0
127 silly idealTree +-- through2@2.0.3
127 silly idealTree +-- to-absolute-glob@2.0.1
127 silly idealTree +-- typedarray@0.0.6
127 silly idealTree +-- ultron@1.1.0
127 silly idealTree +-- unc-path-regex@0.1.2
127 silly idealTree +-- unique-stream@2.2.1
127 silly idealTree +-- util-deprecate@1.0.2
127 silly idealTree +-- websocket-stream@5.0.1
127 silly idealTree +-- wrappy@1.0.2
127 silly idealTree +-- ws@3.2.0
127 silly idealTree `-- xtend@4.0.1
128 silly generateActionsToTake Starting
129 silly install generateActionsToTake
130 silly generateActionsToTake Finishing
131 silly diffTrees action count 2
132 silly diffTrees add nan@2.7.0
133 silly diffTrees add sleep@5.1.1
134 silly decomposeActions action count 16
135 silly decomposeActions fetch nan@2.7.0
136 silly decomposeActions extract nan@2.7.0
137 silly decomposeActions test nan@2.7.0
138 silly decomposeActions preinstall nan@2.7.0
139 silly decomposeActions build nan@2.7.0
140 silly decomposeActions install nan@2.7.0
141 silly decomposeActions postinstall nan@2.7.0
142 silly decomposeActions finalize nan@2.7.0
143 silly decomposeActions fetch sleep@5.1.1
144 silly decomposeActions extract sleep@5.1.1
145 silly decomposeActions test sleep@5.1.1
146 silly decomposeActions preinstall sleep@5.1.1
147 silly decomposeActions build sleep@5.1.1
148 silly decomposeActions install sleep@5.1.1
149 silly decomposeActions postinstall sleep@5.1.1
150 silly decomposeActions finalize sleep@5.1.1
151 silly runTopLevelLifecycles Starting
152 silly executeActions Starting
153 silly install executeActions
154 silly doSerial global-install 0
155 silly doParallel fetch 2
156 verbose correctMkdir C:\Users\prate\AppData\Roaming\npm-cache\_locks correctMkdir not in flight; initializing
157 verbose lock using C:\Users\prate\AppData\Roaming\npm-cache\_locks\staging-67b7923123d7c815.lock for C:\Users\prate\Documents\EnergyJS\node_modules\.staging
158 silly doParallel extract 2
159 silly extract nan@2.7.0
160 silly extract sleep@5.1.1
161 verbose unbuild node_modules\.staging\nan-9db522ed
162 verbose unbuild node_modules\.staging\sleep-c10cfd5d
163 silly gentlyRm C:\Users\prate\Documents\EnergyJS\node_modules\.staging\nan-9db522ed is being purged from base C:\Users\prate\Documents\EnergyJS
164 verbose gentlyRm don't care about contents; nuking C:\Users\prate\Documents\EnergyJS\node_modules\.staging\nan-9db522ed
165 silly gentlyRm C:\Users\prate\Documents\EnergyJS\node_modules\.staging\sleep-c10cfd5d is being purged from base C:\Users\prate\Documents\EnergyJS
166 verbose gentlyRm don't care about contents; nuking C:\Users\prate\Documents\EnergyJS\node_modules\.staging\sleep-c10cfd5d
167 verbose tar unpack C:\Users\prate\AppData\Roaming\npm-cache\nan\2.7.0\package.tgz
168 verbose tar unpacking to C:\Users\prate\Documents\EnergyJS\node_modules\.staging\nan-9db522ed
169 silly gentlyRm C:\Users\prate\Documents\EnergyJS\node_modules\.staging\nan-9db522ed is being purged
170 verbose gentlyRm don't care about contents; nuking C:\Users\prate\Documents\EnergyJS\node_modules\.staging\nan-9db522ed
171 verbose tar unpack C:\Users\prate\AppData\Roaming\npm-cache\sleep\5.1.1\package.tgz
172 verbose tar unpacking to C:\Users\prate\Documents\EnergyJS\node_modules\.staging\sleep-c10cfd5d
173 silly gentlyRm C:\Users\prate\Documents\EnergyJS\node_modules\.staging\sleep-c10cfd5d is being purged
174 verbose gentlyRm don't care about contents; nuking C:\Users\prate\Documents\EnergyJS\node_modules\.staging\sleep-c10cfd5d
175 silly gunzTarPerm modes [ '777', '666' ]
176 silly gunzTarPerm modes [ '777', '666' ]
177 silly gunzTarPerm extractEntry package.json
178 silly gunzTarPerm modified mode [ 'package.json', 436, 438 ]
179 silly gunzTarPerm extractEntry package.json
180 silly gunzTarPerm modified mode [ 'package.json', 436, 438 ]
181 silly gunzTarPerm extractEntry README.md
182 silly gunzTarPerm modified mode [ 'README.md', 436, 438 ]
183 silly gunzTarPerm extractEntry include_dirs.js
184 silly gunzTarPerm modified mode [ 'include_dirs.js', 436, 438 ]
185 silly gunzTarPerm extractEntry .npmignore
186 silly gunzTarPerm modified mode [ '.npmignore', 436, 438 ]
187 silly gunzTarPerm extractEntry README.md
188 silly gunzTarPerm modified mode [ 'README.md', 436, 438 ]
189 silly gunzTarPerm extractEntry test.js
190 silly gunzTarPerm modified mode [ 'test.js', 436, 438 ]
191 silly gunzTarPerm extractEntry index.js
192 silly gunzTarPerm modified mode [ 'index.js', 436, 438 ]
193 silly gunzTarPerm extractEntry nan_converters_43_inl.h
194 silly gunzTarPerm modified mode [ 'nan_converters_43_inl.h', 436, 438 ]
195 silly gunzTarPerm extractEntry LICENSE.md
196 silly gunzTarPerm modified mode [ 'LICENSE.md', 436, 438 ]
197 silly gunzTarPerm extractEntry doc/new.md
198 silly gunzTarPerm modified mode [ 'doc/new.md', 436, 438 ]
199 silly gunzTarPerm extractEntry doc/asyncworker.md
200 silly gunzTarPerm modified mode [ 'doc/asyncworker.md', 436, 438 ]
201 silly gunzTarPerm extractEntry LICENSE.txt
202 silly gunzTarPerm modified mode [ 'LICENSE.txt', 436, 438 ]
203 silly gunzTarPerm extractEntry sleep.cc
204 silly gunzTarPerm modified mode [ 'sleep.cc', 436, 438 ]
205 silly gunzTarPerm extractEntry doc/callback.md
206 silly gunzTarPerm modified mode [ 'doc/callback.md', 436, 438 ]
207 silly gunzTarPerm extractEntry doc/converters.md
208 silly gunzTarPerm modified mode [ 'doc/converters.md', 436, 438 ]
209 silly gunzTarPerm extractEntry binding.gyp
210 silly gunzTarPerm modified mode [ 'binding.gyp', 436, 438 ]
211 silly gunzTarPerm extractEntry doc/errors.md
212 silly gunzTarPerm modified mode [ 'doc/errors.md', 436, 438 ]
213 silly gunzTarPerm extractEntry doc/json.md
214 silly gunzTarPerm modified mode [ 'doc/json.md', 436, 438 ]
215 silly gunzTarPerm extractEntry doc/maybe_types.md
216 silly gunzTarPerm modified mode [ 'doc/maybe_types.md', 436, 438 ]
217 silly gunzTarPerm extractEntry doc/methods.md
218 silly gunzTarPerm modified mode [ 'doc/methods.md', 436, 438 ]
219 silly gunzTarPerm extractEntry doc/buffers.md
220 silly gunzTarPerm modified mode [ 'doc/buffers.md', 436, 438 ]
221 silly gunzTarPerm extractEntry doc/node_misc.md
222 silly gunzTarPerm modified mode [ 'doc/node_misc.md', 436, 438 ]
223 silly gunzTarPerm extractEntry doc/object_wrappers.md
224 silly gunzTarPerm modified mode [ 'doc/object_wrappers.md', 436, 438 ]
225 silly gunzTarPerm extractEntry doc/persistent.md
226 silly gunzTarPerm modified mode [ 'doc/persistent.md', 436, 438 ]
227 silly gunzTarPerm extractEntry doc/scopes.md
228 silly gunzTarPerm modified mode [ 'doc/scopes.md', 436, 438 ]
229 silly gunzTarPerm extractEntry doc/script.md
230 silly gunzTarPerm modified mode [ 'doc/script.md', 436, 438 ]
231 silly gunzTarPerm extractEntry doc/string_bytes.md
232 silly gunzTarPerm modified mode [ 'doc/string_bytes.md', 436, 438 ]
233 silly gunzTarPerm extractEntry doc/v8_internals.md
234 silly gunzTarPerm modified mode [ 'doc/v8_internals.md', 436, 438 ]
235 silly gentlyRm C:\Users\prate\Documents\EnergyJS\node_modules\.staging\sleep-c10cfd5d\node_modules is being purged
236 verbose gentlyRm don't care about contents; nuking C:\Users\prate\Documents\EnergyJS\node_modules\.staging\sleep-c10cfd5d\node_modules
237 silly gunzTarPerm extractEntry doc/v8_misc.md
238 silly gunzTarPerm modified mode [ 'doc/v8_misc.md', 436, 438 ]
239 silly gunzTarPerm extractEntry nan.h
240 silly gunzTarPerm modified mode [ 'nan.h', 436, 438 ]
241 silly gunzTarPerm extractEntry nan_callbacks.h
242 silly gunzTarPerm modified mode [ 'nan_callbacks.h', 436, 438 ]
243 silly gunzTarPerm extractEntry nan_callbacks_12_inl.h
244 silly gunzTarPerm modified mode [ 'nan_callbacks_12_inl.h', 436, 438 ]
245 silly gunzTarPerm extractEntry nan_callbacks_pre_12_inl.h
246 silly gunzTarPerm modified mode [ 'nan_callbacks_pre_12_inl.h', 436, 438 ]
247 silly gunzTarPerm extractEntry nan_converters.h
248 silly gunzTarPerm modified mode [ 'nan_converters.h', 436, 438 ]
249 silly gunzTarPerm extractEntry nan_converters_pre_43_inl.h
250 silly gunzTarPerm modified mode [ 'nan_converters_pre_43_inl.h', 436, 438 ]
251 silly gunzTarPerm extractEntry nan_implementation_12_inl.h
252 silly gunzTarPerm modified mode [ 'nan_implementation_12_inl.h', 436, 438 ]
253 silly gunzTarPerm extractEntry nan_implementation_pre_12_inl.h
254 silly gunzTarPerm modified mode [ 'nan_implementation_pre_12_inl.h', 436, 438 ]
255 silly gunzTarPerm extractEntry nan_json.h
256 silly gunzTarPerm modified mode [ 'nan_json.h', 436, 438 ]
257 silly gunzTarPerm extractEntry nan_maybe_43_inl.h
258 silly gunzTarPerm modified mode [ 'nan_maybe_43_inl.h', 436, 438 ]
259 silly gunzTarPerm extractEntry nan_maybe_pre_43_inl.h
260 silly gunzTarPerm modified mode [ 'nan_maybe_pre_43_inl.h', 436, 438 ]
261 silly gunzTarPerm extractEntry nan_new.h
262 silly gunzTarPerm modified mode [ 'nan_new.h', 436, 438 ]
263 silly gunzTarPerm extractEntry nan_object_wrap.h
264 silly gunzTarPerm modified mode [ 'nan_object_wrap.h', 436, 438 ]
265 silly gunzTarPerm extractEntry nan_persistent_12_inl.h
266 silly gunzTarPerm modified mode [ 'nan_persistent_12_inl.h', 436, 438 ]
267 silly gunzTarPerm extractEntry nan_persistent_pre_12_inl.h
268 silly gunzTarPerm modified mode [ 'nan_persistent_pre_12_inl.h', 436, 438 ]
269 silly gunzTarPerm extractEntry nan_private.h
270 silly gunzTarPerm modified mode [ 'nan_private.h', 436, 438 ]
271 silly gunzTarPerm extractEntry nan_string_bytes.h
272 silly gunzTarPerm modified mode [ 'nan_string_bytes.h', 436, 438 ]
273 silly gunzTarPerm extractEntry nan_typedarray_contents.h
274 silly gunzTarPerm modified mode [ 'nan_typedarray_contents.h', 436, 438 ]
275 silly gunzTarPerm extractEntry nan_weak.h
276 silly gunzTarPerm modified mode [ 'nan_weak.h', 436, 438 ]
277 silly gunzTarPerm extractEntry CHANGELOG.md
278 silly gunzTarPerm modified mode [ 'CHANGELOG.md', 436, 438 ]
279 silly gunzTarPerm extractEntry tools/package.json
280 silly gunzTarPerm modified mode [ 'tools/package.json', 436, 438 ]
281 silly gunzTarPerm extractEntry tools/README.md
282 silly gunzTarPerm modified mode [ 'tools/README.md', 436, 438 ]
283 silly gunzTarPerm extractEntry tools/1to2.js
284 silly gunzTarPerm modified mode [ 'tools/1to2.js', 509, 511 ]
285 silly gentlyRm C:\Users\prate\Documents\EnergyJS\node_modules\.staging\nan-9db522ed\node_modules is being purged
286 verbose gentlyRm don't care about contents; nuking C:\Users\prate\Documents\EnergyJS\node_modules\.staging\nan-9db522ed\node_modules
287 silly doParallel preinstall 2
288 silly preinstall nan@2.7.0 C:\Users\prate\Documents\EnergyJS\node_modules\.staging\nan-9db522ed
289 info lifecycle nan@2.7.0~preinstall: nan@2.7.0
290 silly preinstall sleep@5.1.1 C:\Users\prate\Documents\EnergyJS\node_modules\.staging\sleep-c10cfd5d
291 info lifecycle sleep@5.1.1~preinstall: sleep@5.1.1
292 silly lifecycle nan@2.7.0~preinstall: no script for preinstall, continuing
293 silly lifecycle sleep@5.1.1~preinstall: no script for preinstall, continuing
294 silly doReverseSerial remove 0
295 silly doSerial move 0
296 silly doSerial finalize 2
297 silly finalize C:\Users\prate\Documents\EnergyJS\node_modules\nan
298 silly finalize C:\Users\prate\Documents\EnergyJS\node_modules\sleep
299 silly doSerial build 2
300 silly build nan@2.7.0
301 info linkStuff nan@2.7.0
302 silly linkStuff nan@2.7.0 has C:\Users\prate\Documents\EnergyJS\node_modules as its parent node_modules
303 verbose linkBins nan@2.7.0
304 verbose linkMans nan@2.7.0
305 silly build sleep@5.1.1
306 info linkStuff sleep@5.1.1
307 silly linkStuff sleep@5.1.1 has C:\Users\prate\Documents\EnergyJS\node_modules as its parent node_modules
308 verbose linkBins sleep@5.1.1
309 verbose linkMans sleep@5.1.1
310 silly doSerial global-link 0
311 silly doParallel update-linked 0
312 silly doSerial install 2
313 silly install nan@2.7.0 C:\Users\prate\Documents\EnergyJS\node_modules\.staging\nan-9db522ed
314 info lifecycle nan@2.7.0~install: nan@2.7.0
315 silly lifecycle nan@2.7.0~install: no script for install, continuing
316 silly install sleep@5.1.1 C:\Users\prate\Documents\EnergyJS\node_modules\.staging\sleep-c10cfd5d
317 info lifecycle sleep@5.1.1~install: sleep@5.1.1
318 verbose lifecycle sleep@5.1.1~install: unsafe-perm in lifecycle true
319 verbose lifecycle sleep@5.1.1~install: PATH: C:\Program Files\nodejs\node_modules\npm\bin\node-gyp-bin;C:\Users\prate\Documents\EnergyJS\node_modules\sleep\node_modules\.bin;C:\Users\prate\Documents\EnergyJS\node_modules\.bin;C:\ProgramData\Oracle\Java\javapath;C:\Program Files (x86)\Intel\iCLS Client\;C:\Program Files\Intel\iCLS Client\;C:\WINDOWS\system32;C:\WINDOWS;C:\WINDOWS\System32\Wbem;C:\WINDOWS\System32\WindowsPowerShell\v1.0\;C:\Program Files (x86)\Intel\Intel(R) Management Engine Components\DAL;C:\Program Files\Intel\Intel(R) Management Engine Components\DAL;C:\Program Files (x86)\Intel\Intel(R) Management Engine Components\IPT;C:\Program Files\Intel\Intel(R) Management Engine Components\IPT;C:\Program Files\Intel\WiFi\bin\;C:\Program Files\Common Files\Intel\WirelessCommon\;C:\Program Files\Hewlett-Packard\SimplePass\;C:\Program Files (x86)\PuTTY\;C:\Python27;C:\WINDOWS\system32;C:\WINDOWS;C:\WINDOWS\System32\Wbem;C:\WINDOWS\System32\WindowsPowerShell\v1.0\;C:\Program Files (x86)\NVIDIA Corporation\PhysX\Common;C:\Program Files\nodejs\;C:\Python27\Scripts\;c:\python27;c:\python27\Scripts;C:\Program Files\MongoDB\Server\3.4\bin;C:\Program Files\Java\jdk1.8.0_102\bin;C:\Users\prate\AppData\Local\Microsoft\WindowsApps;C:\Users\prate\AppData\Roaming\npm
320 verbose lifecycle sleep@5.1.1~install: CWD: C:\Users\prate\Documents\EnergyJS\node_modules\sleep
321 silly lifecycle sleep@5.1.1~install: Args: [ '/d /s /c', 'node-gyp rebuild' ]
322 silly lifecycle sleep@5.1.1~install: Returned: code: 1  signal: null
323 info lifecycle sleep@5.1.1~install: Failed to exec install script
324 verbose unlock done using C:\Users\prate\AppData\Roaming\npm-cache\_locks\staging-67b7923123d7c815.lock for C:\Users\prate\Documents\EnergyJS\node_modules\.staging
325 silly rollbackFailedOptional Starting
326 silly rollbackFailedOptional Finishing
327 silly runTopLevelLifecycles Finishing
328 silly install printInstalled
329 warn energy-js@1.0.0 No repository field.
330 verbose If you need help, you may report this error at:
330 verbose     <https://github.com/npm/npm/issues>
331 verbose stack Error: sleep@5.1.1 install: `node-gyp rebuild`
331 verbose stack Exit status 1
331 verbose stack     at EventEmitter.<anonymous> (C:\Program Files\nodejs\node_modules\npm\lib\utils\lifecycle.js:255:16)
331 verbose stack     at emitTwo (events.js:106:13)
331 verbose stack     at EventEmitter.emit (events.js:191:7)
331 verbose stack     at ChildProcess.<anonymous> (C:\Program Files\nodejs\node_modules\npm\lib\utils\spawn.js:40:14)
331 verbose stack     at emitTwo (events.js:106:13)
331 verbose stack     at ChildProcess.emit (events.js:191:7)
331 verbose stack     at maybeClose (internal/child_process.js:920:16)
331 verbose stack     at Process.ChildProcess._handle.onexit (internal/child_process.js:230:5)
332 verbose pkgid sleep@5.1.1
333 verbose cwd C:\Users\prate\Documents\EnergyJS
334 error Windows_NT 10.0.15063
335 error argv "C:\\Program Files\\nodejs\\node.exe" "C:\\Program Files\\nodejs\\node_modules\\npm\\bin\\npm-cli.js" "install" "sleep" "--save"
336 error node v6.11.3
337 error npm  v3.10.10
338 error code ELIFECYCLE
339 error sleep@5.1.1 install: `node-gyp rebuild`
339 error Exit status 1
340 error Failed at the sleep@5.1.1 install script 'node-gyp rebuild'.
340 error Make sure you have the latest version of node.js and npm installed.
340 error If you do, this is most likely a problem with the sleep package,
340 error not with npm itself.
340 error Tell the author that this fails on your system:
340 error     node-gyp rebuild
340 error You can get information on how to open an issue for this project with:
340 error     npm bugs sleep
340 error Or if that isn't available, you can get their info via:
340 error     npm owner ls sleep
340 error There is likely additional logging output above.
341 verbose exit [ 1, true ]
